<?xml version="1.0" encoding="UTF-8"?>
<testsuite xmlns:xsi="http://www.w3.org/2001/XMLSchema-instance" xsi:noNamespaceSchemaLocation="https://maven.apache.org/surefire/maven-surefire-plugin/xsd/surefire-test-report-3.0.xsd" version="3.0" name="CosmeticProductTest" time="0.049" tests="14" errors="0" skipped="0" failures="0">
  <properties>
    <property name="java.specification.version" value="21"/>
    <property name="sun.cpu.isalist" value="amd64"/>
    <property name="sun.jnu.encoding" value="Cp1252"/>
    <property name="java.class.path" value="C:\Users\Ronald\Desktop\IOC\Semestre_2\Programacion (block 2)\EAC7\EAC7S22425\target\test-classes;C:\Users\Ronald\Desktop\IOC\Semestre_2\Programacion (block 2)\EAC7\EAC7S22425\target\classes;C:\Users\Ronald\.m2\repository\org\junit\jupiter\junit-jupiter-api\5.10.2\junit-jupiter-api-5.10.2.jar;C:\Users\Ronald\.m2\repository\org\opentest4j\opentest4j\1.3.0\opentest4j-1.3.0.jar;C:\Users\Ronald\.m2\repository\org\junit\platform\junit-platform-commons\1.10.2\junit-platform-commons-1.10.2.jar;C:\Users\Ronald\.m2\repository\org\apiguardian\apiguardian-api\1.1.2\apiguardian-api-1.1.2.jar;C:\Users\Ronald\.m2\repository\org\junit\jupiter\junit-jupiter-params\5.10.2\junit-jupiter-params-5.10.2.jar;C:\Users\Ronald\.m2\repository\org\junit\jupiter\junit-jupiter-engine\5.10.2\junit-jupiter-engine-5.10.2.jar;C:\Users\Ronald\.m2\repository\org\junit\platform\junit-platform-engine\1.10.2\junit-platform-engine-1.10.2.jar;"/>
    <property name="java.vm.vendor" value="Oracle Corporation"/>
    <property name="sun.arch.data.model" value="64"/>
    <property name="user.variant" value=""/>
    <property name="java.vendor.url" value="https://java.oracle.com/"/>
    <property name="user.timezone" value="Europe/Madrid"/>
    <property name="os.name" value="Windows 11"/>
    <property name="java.vm.specification.version" value="21"/>
    <property name="user.country" value="ES"/>
    <property name="sun.java.launcher" value="SUN_STANDARD"/>
    <property name="sun.boot.library.path" value="C:\Program Files\Java\jdk-21\bin"/>
    <property name="sun.java.command" value="C:\Users\Ronald\AppData\Local\Temp\surefire13680907336446391759\surefirebooter-20250403154303134_3.jar C:\Users\Ronald\AppData\Local\Temp\surefire13680907336446391759 2025-04-03T15-43-03_045-jvmRun1 surefire-20250403154303134_1tmp surefire_0-20250403154303134_2tmp"/>
    <property name="jdk.debug" value="release"/>
    <property name="test" value="CosmeticProductTest"/>
    <property name="surefire.test.class.path" value="C:\Users\Ronald\Desktop\IOC\Semestre_2\Programacion (block 2)\EAC7\EAC7S22425\target\test-classes;C:\Users\Ronald\Desktop\IOC\Semestre_2\Programacion (block 2)\EAC7\EAC7S22425\target\classes;C:\Users\Ronald\.m2\repository\org\junit\jupiter\junit-jupiter-api\5.10.2\junit-jupiter-api-5.10.2.jar;C:\Users\Ronald\.m2\repository\org\opentest4j\opentest4j\1.3.0\opentest4j-1.3.0.jar;C:\Users\Ronald\.m2\repository\org\junit\platform\junit-platform-commons\1.10.2\junit-platform-commons-1.10.2.jar;C:\Users\Ronald\.m2\repository\org\apiguardian\apiguardian-api\1.1.2\apiguardian-api-1.1.2.jar;C:\Users\Ronald\.m2\repository\org\junit\jupiter\junit-jupiter-params\5.10.2\junit-jupiter-params-5.10.2.jar;C:\Users\Ronald\.m2\repository\org\junit\jupiter\junit-jupiter-engine\5.10.2\junit-jupiter-engine-5.10.2.jar;C:\Users\Ronald\.m2\repository\org\junit\platform\junit-platform-engine\1.10.2\junit-platform-engine-1.10.2.jar;"/>
    <property name="sun.cpu.endian" value="little"/>
    <property name="user.home" value="C:\Users\Ronald"/>
    <property name="user.language" value="es"/>
    <property name="java.specification.vendor" value="Oracle Corporation"/>
    <property name="java.version.date" value="2025-01-21"/>
    <property name="java.home" value="C:\Program Files\Java\jdk-21"/>
    <property name="file.separator" value="\"/>
    <property name="basedir" value="C:\Users\Ronald\Desktop\IOC\Semestre_2\Programacion (block 2)\EAC7\EAC7S22425"/>
    <property name="java.vm.compressedOopsMode" value="Zero based"/>
    <property name="line.separator" value="&#10;"/>
    <property name="java.vm.specification.vendor" value="Oracle Corporation"/>
    <property name="java.specification.name" value="Java Platform API Specification"/>
    <property name="surefire.real.class.path" value="C:\Users\Ronald\AppData\Local\Temp\surefire13680907336446391759\surefirebooter-20250403154303134_3.jar"/>
    <property name="user.script" value=""/>
    <property name="sun.management.compiler" value="HotSpot 64-Bit Tiered Compilers"/>
    <property name="java.runtime.version" value="21.0.6+8-LTS-188"/>
    <property name="user.name" value="Ronald"/>
    <property name="stdout.encoding" value="Cp1252"/>
    <property name="path.separator" value=";"/>
    <property name="os.version" value="10.0"/>
    <property name="java.runtime.name" value="Java(TM) SE Runtime Environment"/>
    <property name="file.encoding" value="UTF-8"/>
    <property name="java.vm.name" value="Java HotSpot(TM) 64-Bit Server VM"/>
    <property name="maven.ext.class.path" value="C:\Users\Ronald\.vscode\extensions\oracle.oracle-java-23.1.0\nbcode\java\maven-nblib\netbeans-eventspy.jar"/>
    <property name="localRepository" value="C:\Users\Ronald\.m2\repository"/>
    <property name="java.vendor.url.bug" value="https://bugreport.java.com/bugreport/"/>
    <property name="java.io.tmpdir" value="C:\Users\Ronald\AppData\Local\Temp\"/>
    <property name="java.version" value="21.0.6"/>
    <property name="user.dir" value="C:\Users\Ronald\Desktop\IOC\Semestre_2\Programacion (block 2)\EAC7\EAC7S22425"/>
    <property name="os.arch" value="amd64"/>
    <property name="java.vm.specification.name" value="Java Virtual Machine Specification"/>
    <property name="sun.os.patch.level" value=""/>
    <property name="native.encoding" value="Cp1252"/>
    <property name="java.library.path" value="C:\Program Files\Java\jdk-21\bin;C:\WINDOWS\Sun\Java\bin;C:\WINDOWS\system32;C:\WINDOWS;C:\Program Files\Common Files\Oracle\Java\javapath;C:\Program Files (x86)\Common Files\Oracle\Java\java8path;C:\Program Files (x86)\Common Files\Oracle\Java\javapath;C:\Program Files (x86)\Razer\ChromaBroadcast\bin;C:\Program Files\Razer\ChromaBroadcast\bin;C:\Windows\system32;C:\Windows;C:\Windows\System32\Wbem;C:\Windows\System32\WindowsPowerShell\v1.0\;C:\Windows\System32\OpenSSH\;C:\Program Files\dotnet\;C:\Users\Ronald\AppData\Local\Programs\Python\Python313\Scripts\;C:\Users\Ronald\AppData\Local\Programs\Python\Python313\;C:\Program Files\MySQL\MySQL Shell 8.0\bin\;C:\Users\Ronald\AppData\Local\Microsoft\WindowsApps;C:\Users\Ronald\AppData\Local\Programs\Microsoft VS Code\bin;C:\WINDOWS\system32;C:\WINDOWS;C:\WINDOWS\System32\Wbem;C:\WINDOWS\System32\WindowsPowerShell\v1.0\;C:\WINDOWS\System32\OpenSSH\;C:\Users\Ronald\AppData\Local\Programs\Eclipse Adoptium\jdk-21.0.6.7-hotspot\bin;C:\Users\Ronald\AppData\Local\Programs\Python\Python313\Scripts\;C:\Users\Ronald\AppData\Local\Programs\Python\Python313\;C:\Program Files\MySQL\MySQL Shell 8.0\bin\;C:\Users\Ronald\AppData\Local\Microsoft\WindowsApps;;."/>
    <property name="java.vm.info" value="mixed mode, sharing"/>
    <property name="stderr.encoding" value="Cp1252"/>
    <property name="java.vendor" value="Oracle Corporation"/>
    <property name="java.vm.version" value="21.0.6+8-LTS-188"/>
    <property name="sun.io.unicode.encoding" value="UnicodeLittle"/>
    <property name="java.class.version" value="65.0"/>
  </properties>
  <testcase name="setPrice_ValidPrice_UpdatesPrice" classname="CosmeticProductTest" time="0.014"/>
  <testcase name="applyDiscount_DiscountOver100_ThrowsException" classname="CosmeticProductTest" time="0.001"/>
  <testcase name="applyDiscount_ValidDiscount_CalculatesCorrectPrice" classname="CosmeticProductTest" time="0.0"/>
  <testcase name="constructor_WithoutStock_ValidParameters_SetsFieldsCorrectly" classname="CosmeticProductTest" time="0.001"/>
  <testcase name="setStock_ValidStock_UpdatesStock" classname="CosmeticProductTest" time="0.001"/>
  <testcase name="toString_ValidProduct_ReturnsFormattedString" classname="CosmeticProductTest" time="0.002"/>
  <testcase name="applyDiscount_FullDiscount_ReturnsZeroPrice" classname="CosmeticProductTest" time="0.0"/>
  <testcase name="applyDiscount_ZeroDiscount_ReturnsOriginalPrice" classname="CosmeticProductTest" time="0.0"/>
  <testcase name="constructor_InvalidBrand_ThrowsException" classname="CosmeticProductTest" time="0.001"/>
  <testcase name="constructor_WithStock_ValidParameters_SetsFieldsCorrectly" classname="CosmeticProductTest" time="0.0"/>
  <testcase name="decrementStock_ValidStock_DecrementsByOne" classname="CosmeticProductTest" time="0.0"/>
  <testcase name="thereIsStock_StockPositive_ReturnsTrue" classname="CosmeticProductTest" time="0.001"/>
  <testcase name="getBrand_ReturnsCorrectBrand" classname="CosmeticProductTest" time="0.001"/>
  <testcase name="applyDiscount_NegativeDiscount_ThrowsException" classname="CosmeticProductTest" time="0.001"/>
</testsuite>